  NPuzzleDojo.cpp
E:\C++ siemens\SkeletonFinal2021\SkeletonFinal2021\State.h(11,1): warning C4348: 'State': redefinition of default parameter: parameter 1
E:\C++ siemens\SkeletonFinal2021\SkeletonFinal2021\State.h(12): message : see declaration of 'State'
E:\C++ siemens\SkeletonFinal2021\SkeletonFinal2021\State.h(214,2): error C2953: 'State': class template has already been defined
E:\C++ siemens\SkeletonFinal2021\SkeletonFinal2021\State.h(12): message : see declaration of 'State'
E:\C++ siemens\SkeletonFinal2021\SkeletonFinal2021\State.h(216,15): error C2084: function 'std::ostream &operator <<(std::ostream &,MoveDirection)' already has a body
E:\C++ siemens\SkeletonFinal2021\SkeletonFinal2021\State.h(216): message : see previous definition of '<<'
E:\C++ siemens\SkeletonFinal2021\SkeletonFinal2021\State.h(231,1): error C2955: 'State': use of class template requires template argument list
E:\C++ siemens\SkeletonFinal2021\SkeletonFinal2021\State.h(12): message : see declaration of 'State'
E:\C++ siemens\SkeletonFinal2021\SkeletonFinal2021\State.h(231,61): error C2955: 'State': use of class template requires template argument list
E:\C++ siemens\SkeletonFinal2021\SkeletonFinal2021\State.h(12): message : see declaration of 'State'
E:\C++ siemens\SkeletonFinal2021\SkeletonFinal2021\State.h(245,7): error C2371: 'State3X3': redefinition; different basic types
E:\C++ siemens\SkeletonFinal2021\SkeletonFinal2021\State.h(245): message : see declaration of 'State3X3'
E:\C++ siemens\SkeletonFinal2021\SkeletonFinal2021\State.h(246,7): error C2371: 'State4X4': redefinition; different basic types
E:\C++ siemens\SkeletonFinal2021\SkeletonFinal2021\State.h(246): message : see declaration of 'State4X4'
E:\C++ siemens\SkeletonFinal2021\SkeletonFinal2021\NPuzzleDojo.cpp(8,1): error C2955: 'State': use of class template requires template argument list
E:\C++ siemens\SkeletonFinal2021\SkeletonFinal2021\State.h(12): message : see declaration of 'State'
E:\C++ siemens\SkeletonFinal2021\SkeletonFinal2021\NPuzzleDojo.cpp(8,34): error C2955: 'State': use of class template requires template argument list
E:\C++ siemens\SkeletonFinal2021\SkeletonFinal2021\State.h(12): message : see declaration of 'State'
E:\C++ siemens\SkeletonFinal2021\SkeletonFinal2021\NPuzzleDojo.cpp(21,13): error C2679: binary '<<': no operator found which takes a right-hand operand of type 'std::_Vector_iterator<std::_Vector_val<std::_Simple_types<_Ty>>>' (or there is no acceptable conversion)
          with
          [
              _Ty=MoveDirection
          ]
E:\visual studio\VC\Tools\MSVC\14.28.29910\include\ostream(465,39): message : could be 'std::basic_ostream<char,std::char_traits<char>> &std::basic_ostream<char,std::char_traits<char>>::operator <<(std::basic_streambuf<char,std::char_traits<char>> *)'
E:\visual studio\VC\Tools\MSVC\14.28.29910\include\ostream(440,39): message : or       'std::basic_ostream<char,std::char_traits<char>> &std::basic_ostream<char,std::char_traits<char>>::operator <<(const void *)'
E:\visual studio\VC\Tools\MSVC\14.28.29910\include\ostream(422,39): message : or       'std::basic_ostream<char,std::char_traits<char>> &std::basic_ostream<char,std::char_traits<char>>::operator <<(long double)'
E:\visual studio\VC\Tools\MSVC\14.28.29910\include\ostream(404,39): message : or       'std::basic_ostream<char,std::char_traits<char>> &std::basic_ostream<char,std::char_traits<char>>::operator <<(double)'
E:\visual studio\VC\Tools\MSVC\14.28.29910\include\ostream(386,39): message : or       'std::basic_ostream<char,std::char_traits<char>> &std::basic_ostream<char,std::char_traits<char>>::operator <<(float)'
E:\visual studio\VC\Tools\MSVC\14.28.29910\include\ostream(368,39): message : or       'std::basic_ostream<char,std::char_traits<char>> &std::basic_ostream<char,std::char_traits<char>>::operator <<(unsigned __int64)'
E:\visual studio\VC\Tools\MSVC\14.28.29910\include\ostream(350,39): message : or       'std::basic_ostream<char,std::char_traits<char>> &std::basic_ostream<char,std::char_traits<char>>::operator <<(__int64)'
E:\visual studio\VC\Tools\MSVC\14.28.29910\include\ostream(332,39): message : or       'std::basic_ostream<char,std::char_traits<char>> &std::basic_ostream<char,std::char_traits<char>>::operator <<(unsigned long)'
E:\visual studio\VC\Tools\MSVC\14.28.29910\include\ostream(314,39): message : or       'std::basic_ostream<char,std::char_traits<char>> &std::basic_ostream<char,std::char_traits<char>>::operator <<(long)'
E:\visual studio\VC\Tools\MSVC\14.28.29910\include\ostream(295,39): message : or       'std::basic_ostream<char,std::char_traits<char>> &std::basic_ostream<char,std::char_traits<char>>::operator <<(unsigned int)'
E:\visual studio\VC\Tools\MSVC\14.28.29910\include\ostream(269,39): message : or       'std::basic_ostream<char,std::char_traits<char>> &std::basic_ostream<char,std::char_traits<char>>::operator <<(int)'
E:\visual studio\VC\Tools\MSVC\14.28.29910\include\ostream(250,39): message : or       'std::basic_ostream<char,std::char_traits<char>> &std::basic_ostream<char,std::char_traits<char>>::operator <<(unsigned short)'
E:\visual studio\VC\Tools\MSVC\14.28.29910\include\ostream(216,39): message : or       'std::basic_ostream<char,std::char_traits<char>> &std::basic_ostream<char,std::char_traits<char>>::operator <<(short)'
E:\visual studio\VC\Tools\MSVC\14.28.29910\include\ostream(198,39): message : or       'std::basic_ostream<char,std::char_traits<char>> &std::basic_ostream<char,std::char_traits<char>>::operator <<(bool)'
E:\visual studio\VC\Tools\MSVC\14.28.29910\include\ostream(193,39): message : or       'std::basic_ostream<char,std::char_traits<char>> &std::basic_ostream<char,std::char_traits<char>>::operator <<(std::ios_base &(__cdecl *)(std::ios_base &))'
E:\visual studio\VC\Tools\MSVC\14.28.29910\include\ostream(188,39): message : or       'std::basic_ostream<char,std::char_traits<char>> &std::basic_ostream<char,std::char_traits<char>>::operator <<(std::basic_ios<char,std::char_traits<char>> &(__cdecl *)(std::basic_ios<char,std::char_traits<char>> &))'
E:\visual studio\VC\Tools\MSVC\14.28.29910\include\ostream(183,39): message : or       'std::basic_ostream<char,std::char_traits<char>> &std::basic_ostream<char,std::char_traits<char>>::operator <<(std::basic_ostream<char,std::char_traits<char>> &(__cdecl *)(std::basic_ostream<char,std::char_traits<char>> &))'
E:\C++ siemens\SkeletonFinal2021\SkeletonFinal2021\State.h(216,15): message : or       'std::ostream &operator <<(std::ostream &,MoveDirection)' [found using argument-dependent lookup]
E:\C++ siemens\SkeletonFinal2021\SkeletonFinal2021\NPuzzleDojo.cpp(33,1): message : while trying to match the argument list '(std::ostream, std::_Vector_iterator<std::_Vector_val<std::_Simple_types<_Ty>>>)'
          with
          [
              _Ty=MoveDirection
          ]
E:\C++ siemens\SkeletonFinal2021\SkeletonFinal2021\NPuzzleDojo.cpp(21,23): error C2088: '<<': illegal for class
E:\C++ siemens\SkeletonFinal2021\SkeletonFinal2021\NPuzzleDojo.cpp(37,14): error C2079: 'state_3x3_18moves' uses undefined class 'State<3>'
E:\C++ siemens\SkeletonFinal2021\SkeletonFinal2021\NPuzzleDojo.cpp(37,63): error C2440: 'initializing': cannot convert from 'initializer list' to 'int'
E:\C++ siemens\SkeletonFinal2021\SkeletonFinal2021\NPuzzleDojo.cpp(37,31): message : Too many braces around initializer for 'int'
E:\C++ siemens\SkeletonFinal2021\SkeletonFinal2021\NPuzzleDojo.cpp(44,5): error C2672: 'Test': no matching overloaded function found
E:\C++ siemens\SkeletonFinal2021\SkeletonFinal2021\NPuzzleDojo.cpp(44,5): error C2783: 'void Test(const State &)': could not deduce template argument for 'N'
E:\C++ siemens\SkeletonFinal2021\SkeletonFinal2021\NPuzzleDojo.cpp(8): message : see declaration of 'Test'
